<?xml version="1.0" encoding="UTF-8"?>
<beans xmlns="http://www.springframework.org/schema/beans"
    xmlns:xsi="http://www.w3.org/2001/XMLSchema-instance"
    xsi:schemaLocation="http://www.springframework.org/schema/beans http://www.springframework.org/schema/beans/spring-beans-3.0.xsd">

	<bean id="entryRequest" class="no.systema.jservices.common.elma.proxy.EntryRequest"/>

	<bean id="authorization" class="no.systema.jservices.common.jwt.nimbus.Authorization"/>
	<bean id="certificateManager" class="no.systema.jservices.common.jwt.nimbus.CertificateManager"/>

    
</beans>